エントリー顧客比率/1
0 0.875
エントリー週次売上比率/1
0 0.0307115
優良週次売上比率/1
0 -0.309
準優良週次売上比率/1
0 -0.265
低頻高購週次売上比率/1
0 -0.167
高頻低購週次売上比率/1
0 -0.121
成長週次売上比率/1
0 -0.128
優良顧客比率/1
0 -0.075
準優良顧客比率/1
0 -0.141
低頻度高購買顧客比率/1
0 -0.076
高頻度抵購買顧客比率/1
0 -0.206
成長顧客比率/1
0 -0.378
累計7iD会員数/1e-07
0 0
エントリー顧客比率/1
1 0.789889
エントリー週次売上比率/1
1 0.0274167
優良週次売上比率/1
1 -0.308996
準優良週次売上比率/1
1 -0.264827
低頻高購週次売上比率/1
1 -0.164809
高頻低購週次売上比率/1
1 -0.119618
成長週次売上比率/1
1 -0.100725
優良顧客比率/1
1 -0.0749989
準優良顧客比率/1
1 -0.140911
低頻度高購買顧客比率/1
1 -0.0751388
高頻度抵購買顧客比率/1
1 -0.204041
成長顧客比率/1
1 -0.295799
累計7iD会員数/1e-07
1 -7153.31
エントリー顧客比率/1
2 0.714053
エントリー週次売上比率/1
2 0.024481
優良週次売上比率/1
2 -0.308934
準優良週次売上比率/1
2 -0.263759
低頻高購週次売上比率/1
2 -0.159065
高頻低購週次売上比率/1
2 -0.115983
成長週次売上比率/1
2 -0.0782086
優良顧客比率/1
2 -0.0749841
準優良顧客比率/1
2 -0.140359
低頻度高購買顧客比率/1
2 -0.0728808
高頻度抵購買顧客比率/1
2 -0.198888
成長顧客比率/1
2 -0.227941
累計7iD会員数/1e-07
2 -11348
エントリー顧客比率/1
3 0.646613
エントリー週次売上比率/1
3 0.0218703
優良週次売上比率/1
3 -0.308698
準優良週次売上比率/1
3 -0.26129
低頻高購週次売上比率/1
3 -0.150903
高頻低購週次売上比率/1
3 -0.110785
成長週次売上比率/1
3 -0.059783
優良顧客比率/1
3 -0.0749273
準優良顧客比率/1
3 -0.139083
低頻度高購買顧客比率/1
3 -0.0696724
高頻度抵購買顧客比率/1
3 -0.191519
成長顧客比率/1
3 -0.172411
累計7iD会員数/1e-07
3 -12471.3
エントリー顧客比率/1
4 0.586733
エントリー週次売上比率/1
4 0.0195522
優良週次売上比率/1
4 -0.308147
準優良週次売上比率/1
4 -0.257226
低頻高購週次売上比率/1
4 -0.141205
高頻低購週次売上比率/1
4 -0.10455
成長週次売上比率/1
4 -0.0448533
優良顧客比率/1
4 -0.0747944
準優良顧客比率/1
4 -0.136984
低頻度高購買顧客比率/1
4 -0.06586
高頻度抵購買顧客比率/1
4 -0.182678
成長顧客比率/1
4 -0.127417
累計7iD会員数/1e-07
4 -10426.4
エントリー顧客比率/1
5 0.533633
エントリー週次売上比率/1
5 0.0174967
優良週次売上比率/1
5 -0.307142
準優良週次売上比率/1
5 -0.251575
低頻高購週次売上比率/1
5 -0.130644
高頻低購週次売上比率/1
5 -0.0976741
成長週次売上比率/1
5 -0.0328954
優良顧客比率/1
5 -0.074552
準優良顧客比率/1
5 -0.134064
低頻度高購買顧客比率/1
5 -0.0617085
高頻度抵購買顧客比率/1
5 -0.17293
成長顧客比率/1
5 -0.0913783
累計7iD会員数/1e-07
5 -5131
エントリー顧客比率/1
6 0.486592
エントリー週次売上比率/1
6 0.0156756
優良週次売上比率/1
6 -0.305562
準優良週次売上比率/1
6 -0.244469
低頻高購週次売上比率/1
6 -0.119726
高頻低購週次売上比率/1
6 -0.0904557
成長週次売上比率/1
6 -0.0234507
優良顧客比率/1
6 -0.0741712
準優良顧客比率/1
6 -0.130393
低頻度高購買顧客比率/1
6 -0.0574167
高頻度抵購買顧客比率/1
6 -0.162697
成長顧客比率/1
6 -0.0629145
累計7iD会員数/1e-07
6 3485.01
エントリー顧客比率/1
7 0.444949
エントリー週次売上比率/1
7 0.0140635
優良週次売上比率/1
7 -0.303316
準優良週次売上比率/1
7 -0.236106
低頻高購週次売上比率/1
7 -0.108824
高頻低購週次売上比率/1
7 -0.0831157
成長週次売上比率/1
7 -0.0161212
優良顧客比率/1
7 -0.0736296
準優良顧客比率/1
7 -0.126072
低頻度高購買顧客比率/1
7 -0.0531312
高頻度抵購買顧客比率/1
7 -0.152291
成長顧客比率/1
7 -0.0408252
累計7iD会員数/1e-07
7 15481.2
エントリー顧客比率/1
8 0.408106
エントリー週次売上比率/1
8 0.0126373
優良週次売上比率/1
8 -0.300339
準優良週次売上比率/1
8 -0.226716
低頻高購週次売上比率/1
8 -0.098206
高頻低購週次売上比率/1
8 -0.0758163
成長週次売上比率/1
8 -0.0105629
優良顧客比率/1
8 -0.0729118
準優良顧客比率/1
8 -0.121221
低頻度高購買顧客比率/1
8 -0.0489572
高頻度抵購買顧客比率/1
8 -0.141942
成長顧客比率/1
8 -0.024074
累計7iD会員数/1e-07
8 30908.1
エントリー顧客比率/1
9 0.375523
エントリー週次売上比率/1
9 0.011376
優良週次売上比率/1
9 -0.296597
準優良週次売上比率/1
9 -0.216533
低頻高購週次売上比率/1
9 -0.0880564
高頻低購週次売上比率/1
9 -0.0686742
成長週次売上比率/1
9 -0.00648015
優良顧客比率/1
9 -0.0720096
準優良顧客比率/1
9 -0.11596
低頻度高購買顧客比率/1
9 -0.0449675
高頻度抵購買顧客比率/1
9 -0.131816
成長顧客比率/1
9 -0.0117695
累計7iD会員数/1e-07
9 -441.825
エントリー顧客比率/1
10 0.346716
エントリー週次売上比率/1
10 0.0102608
優良週次売上比率/1
10 -0.292081
準優良週次売上比率/1
10 -0.205783
低頻高購週次売上比率/1
10 -0.0784969
高頻低購週次売上比率/1
10 -0.0617714
成長週次売上比率/1
10 -0.00361975
優良顧客比率/1
10 -0.0709208
準優良顧客比率/1
10 -0.110406
低頻度高購買顧客比率/1
10 -0.0412096
高頻度抵購買顧客比率/1
10 -0.12203
成長顧客比率/1
10 -0.00314901
累計7iD会員数/1e-07
10 -28282.5
エントリー顧客比率/1
11 0.32125
エントリー週次売上比率/1
11 0.00927499
優良週次売上比率/1
11 -0.286804
準優良週次売上比率/1
11 -0.194671
低頻高購週次売上比率/1
11 -0.0696001
高頻低購週次売上比率/1
11 -0.0551636
成長週次売上比率/1
11 -0.00176583
優良顧客比率/1
11 -0.0696487
準優良顧客比率/1
11 -0.104665
低頻度高購買顧客比率/1
11 -0.0377123
高頻度抵購買顧客比率/1
11 -0.112662
成長顧客比率/1
11 0.00243826
累計7iD会員数/1e-07
11 -52583.5
エントリー顧客比率/1
12 0.29874
エントリー週次売上比率/1
12 0.00840358
優良週次売上比率/1
12 -0.280799
準優良週次売上比率/1
12 -0.183379
低頻高購週次売上比率/1
12 -0.061402
高頻低購週次売上比率/1
12 -0.0488865
成長週次売上比率/1
12 -0.000734892
優良顧客比率/1
12 -0.0682008
準優良顧客比率/1
12 -0.0988313
低頻度高購買顧客比率/1
12 -0.0344897
高頻度抵購買顧客比率/1
12 -0.103763
成長顧客比率/1
12 0.00554525
累計7iD会員数/1e-07
12 -73319.6
エントリー顧客比率/1
13 0.278841
エントリー週次売上比率/1
13 0.00763327
優良週次売上比率/1
13 -0.274111
準優良週次売上比率/1
13 -0.172065
低頻高購週次売上比率/1
13 -0.0539114
高頻低購週次売上比率/1
13 -0.0429608
成長週次売上比率/1
13 -0.000371528
優良顧客比率/1
13 -0.0665883
準優良顧客比率/1
13 -0.0929858
低頻度高購買顧客比率/1
13 -0.0315451
高頻度抵購買顧客比率/1
13 -0.0953619
成長顧客比率/1
13 0.00664033
累計7iD会員数/1e-07
13 -90469.2
エントリー顧客比率/1
14 0.261249
エントリー週次売上比率/1
14 0.00695225
優良週次売上比率/1
14 -0.266797
準優良週次売上比率/1
14 -0.160859
低頻高購週次売上比率/1
14 -0.0471174
高頻低購週次売上比率/1
14 -0.0373956
成長週次売上比率/1
14 -0.000544512
優良顧客比率/1
14 -0.0648249
準優良顧客比率/1
14 -0.0871964
低頻度高購買顧客比率/1
14 -0.0288744
高頻度抵購買顧客比率/1
14 -0.087472
成長顧客比率/1
14 0.006119
累計7iD会員数/1e-07
14 -80014.4
エントリー顧客比率/1
15 0.245693
エントリー週次売上比率/1
15 0.00635006
優良週次売上比率/1
15 -0.25892
準優良週次売上比率/1
15 -0.14987
低頻高購週次売上比率/1
15 -0.0409949
高頻低購週次売上比率/1
15 -0.0321919
成長週次売上比率/1
15 -0.00114341
優良顧客比率/1
15 -0.0629258
準優良顧客比率/1
15 -0.0815188
低頻度高購買顧客比率/1
15 -0.0264677
高頻度抵購買顧客比率/1
15 -0.0800946
成長顧客比率/1
15 0.00431408
累計7iD会員数/1e-07
15 -65939.9
エントリー顧客比率/1
16 0.231934
エントリー週次売上比率/1
16 0.00581742
優良週次売上比率/1
16 -0.250549
準優良週次売上比率/1
16 -0.139183
低頻高購週次売上比率/1
16 -0.0355097
高頻低購週次売上比率/1
16 -0.0273443
成長週次売上比率/1
16 -0.0020756
優良顧客比率/1
16 -0.0609075
準優良顧客比率/1
16 -0.0759973
低頻度高購買顧客比率/1
16 -0.0243114
高頻度抵購買顧客比率/1
16 -0.073222
成長顧客比率/1
16 0.00150469
累計7iD会員数/1e-07
16 -48233.2
エントリー顧客比率/1
17 0.21976
エントリー週次売上比率/1
17 0.00534615
優良週次売上比率/1
17 -0.241754
準優良週次売上比率/1
17 -0.128864
低頻高購週次売上比率/1
17 -0.0306216
高頻低購週次売上比率/1
17 -0.0228431
成長週次売上比率/1
17 -0.00326368
優良顧客比率/1
17 -0.0587869
準優良顧客比率/1
17 -0.0706663
低頻度高購買顧客比率/1
17 -0.0223899
高頻度抵購買顧客比率/1
17 -0.0668407
成長顧客比率/1
17 -0.00207589
累計7iD会員数/1e-07
17 -26883.4
エントリー顧客比率/1
18 0.208984
エントリー週次売上比率/1
18 0.00492901
優良週次売上比率/1
18 -0.232605
準優良週次売上比率/1
18 -0.118963
低頻高購週次売上比率/1
18 -0.0262869
高頻低購週次売上比率/1
18 -0.0186756
成長週次売上比率/1
18 -0.00464322
優良顧客比率/1
18 -0.0565811
準優良顧客比率/1
18 -0.0655512
低頻度高購買顧客比率/1
18 -0.020686
高頻度抵購買顧客比率/1
18 -0.0609322
成長顧客比率/1
18 -0.00623348
累計7iD会員数/1e-07
18 -91881.3
エントリー顧客比率/1
19 0.199441
エントリー週次売上比率/1
19 0.00455959
優良週次売上比率/1
19 -0.223171
準優良週次売上比率/1
19 -0.109515
低頻高購週次売上比率/1
19 -0.0224606
高頻低購週次売上比率/1
19 -0.0148267
成長週次売上比率/1
19 -0.00616084
優良顧客比率/1
19 -0.0543066
準優良顧客比率/1
19 -0.06067
低頻度高購買顧客比率/1
19 -0.0191819
高頻度抵購買顧客比率/1
19 -0.0554756
成長顧客比率/1
19 -0.0108072
累計7iD会員数/1e-07
19 -153219
エントリー顧客比率/1
20 0.190985
エントリー週次売上比率/1
20 0.00423226
優良週次売上比率/1
20 -0.213518
準優良週次売上比率/1
20 -0.100542
低頻高購週次売上比率/1
20 -0.0190979
高頻低購週次売上比率/1
20 -0.0112801
成長週次売上比率/1
20 -0.00777251
優良顧客比率/1
20 -0.0519794
準優良顧客比率/1
20 -0.0560341
低頻度高購買顧客比率/1
20 -0.01786
高頻度抵購買顧客比率/1
20 -0.0504475
成長顧客比率/1
20 -0.0156644
累計7iD会員数/1e-07
20 -210891
エントリー顧客比率/1
21 0.183488
エントリー週次売上比率/1
21 0.00394202
優良週次売上比率/1
21 -0.20371
準優良週次売上比率/1
21 -0.0920561
低頻高購週次売上比率/1
21 -0.016155
高頻低購週次売上比率/1
21 -0.00801888
成長週次売上比率/1
21 -0.00944216
優良顧客比率/1
21 -0.0496147
準優良顧客比率/1
21 -0.0516498
低頻度高購買顧客比率/1
21 -0.0167031
高頻度抵購買顧客比率/1
21 -0.045824
成長顧客比率/1
21 -0.0206963
累計7iD会員数/1e-07
21 -264890
エントリー顧客比率/1
22 0.176835
エントリー週次売上比率/1
22 0.00368447
優良週次売上比率/1
22 -0.193806
準優良週次売上比率/1
22 -0.0840603
低頻高購週次売上比率/1
22 -0.0135897
高頻低購週次売上比率/1
22 -0.00502559
成長週次売上比率/1
22 -0.0111404
優良顧客比率/1
22 -0.0472266
準優良顧客比率/1
22 -0.0475188
低頻度高購買顧客比率/1
22 -0.0156947
高頻度抵購買顧客比率/1
22 -0.0415803
成長顧客比率/1
22 -0.0258144
累計7iD会員数/1e-07
22 -217212
エントリー顧客比率/1
23 0.170926
エントリー週次売上比率/1
23 0.00345573
優良週次売上比率/1
23 -0.183858
準優良週次売上比率/1
23 -0.0765512
低頻高購週次売上比率/1
23 -0.0113625
高頻低購週次売上比率/1
23 -0.00228294
成長週次売上比率/1
23 -0.0128436
優良顧客比率/1
23 -0.0448283
準優良顧客比率/1
23 -0.0436393
低頻度高購買顧客比率/1
23 -0.0148192
高頻度抵購買顧客比率/1
23 -0.037692
成長顧客比率/1
23 -0.0309472
累計7iD会員数/1e-07
23 -165853
エントリー顧客比率/1
24 0.165673
エントリー週次売上比率/1
24 0.00325237
優良週次売上比率/1
24 -0.173918
準優良週次売上比率/1
24 -0.06952
低頻高購週次売上比率/1
24 -0.00943615
高頻低購週次売上比率/1
24 0.000226119
成長週次売上比率/1
24 -0.0145327
優良顧客比率/1
24 -0.0424317
準優良顧客比率/1
24 -0.0400067
低頻度高購買顧客比率/1
24 -0.014062
高頻度抵購買顧客比率/1
24 -0.0341348
成長顧客比率/1
24 -0.0360378
累計7iD会員数/1e-07
24 -110808
エントリー顧客比率/1
25 0.160997
エントリー週次売上比率/1
25 0.00307138
優良週次売上比率/1
25 -0.164029
準優良週次売上比率/1
25 -0.0629534
低頻高購週次売上比率/1
25 -0.00777637
高頻低購週次売上比率/1
25 0.00251816
成長週次売上比率/1
25 -0.0161928
優良顧客比率/1
25 -0.0400475
準優良顧客比率/1
25 -0.0366141
低頻度高購買顧客比率/1
25 -0.0134095
高頻度抵購買顧客比率/1
25 -0.0308854
成長顧客比率/1
25 -0.0410409
累計7iD会員数/1e-07
25 -52075
エントリー顧客比率/1
26 0.15683
エントリー週次売上比率/1
26 0.00291007
優良週次売上比率/1
26 -0.154232
準優良週次売上比率/1
26 -0.0568348
低頻高購週次売上比率/1
26 -0.00635154
高頻低購週次売上比率/1
26 0.0046092
成長週次売上比率/1
26 -0.0178123
優良顧客比率/1
26 -0.0376854
準優良顧客比率/1
26 -0.0334529
低頻度高購買顧客比率/1
26 -0.0128494
高頻度抵購買顧客比率/1
26 -0.0279208
成長顧客比率/1
26 -0.0459218
累計7iD会員数/1e-07
26 10349.1
エントリー顧客比率/1
27 0.153111
エントリー週次売上比率/1
27 0.00276609
優良週次売上比率/1
27 -0.144561
準優良週次売上比率/1
27 -0.0511453
低頻高購週次売上比率/1
27 -0.00513286
高頻低購週次売上比率/1
27 0.00651455
成長週次売上比率/1
27 -0.0193825
優良顧客比率/1
27 -0.0353538
準優良顧客比率/1
27 -0.0305135
低頻度高購買顧客比率/1
27 -0.0123704
高頻度抵購買顧客比率/1
27 -0.0252196
成長顧客比率/1
27 -0.0506539
累計7iD会員数/1e-07
27 -6533.27
エントリー顧客比率/1
28 0.149786
エントリー週次売上比率/1
28 0.00263736
優良週次売上比率/1
28 -0.135048
準優良週次売上比率/1
28 -0.0458645
低頻高購週次売上比率/1
28 -0.0040942
高頻低購週次売上比率/1
28 0.0082488
成長週次売上比率/1
28 -0.0208968
優良顧客比率/1
28 -0.0330601
準優良顧客比率/1
28 -0.0277852
低頻度高購買顧客比率/1
28 -0.0119621
高頻度抵購買顧客比率/1
28 -0.0227609
成長顧客比率/1
28 -0.0552176
累計7iD会員数/1e-07
28 -19720.2
エントリー顧客比率/1
29 0.146807
エントリー週次売上比率/1
29 0.00252205
優良週次売上比率/1
29 -0.125717
準優良週次売上比率/1
29 -0.0409706
低頻高購週次売上比率/1
29 -0.00321197
高頻低購週次売上比率/1
29 0.00982577
成長週次売上比率/1
29 -0.0223507
優良顧客比率/1
29 -0.0308106
準優良顧客比率/1
29 -0.0252568
低頻度高購買顧客比率/1
29 -0.0116153
高頻度抵購買顧客比率/1
29 -0.0205252
成長顧客比率/1
29 -0.0595993
累計7iD会員数/1e-07
29 -29210.2
エントリー顧客比率/1
30 0.144133
エントリー週次売上比率/1
30 0.00241854
優良週次売上比率/1
30 -0.116593
準優良週次売上比率/1
30 -0.0364416
低頻高購週次売上比率/1
30 -0.00246503
高頻低購週次売上比率/1
30 0.0112585
成長週次売上比率/1
30 -0.0237412
優良顧客比率/1
30 -0.0286106
準優良顧客比率/1
30 -0.0229169
低頻度高購買顧客比率/1
30 -0.0113217
高頻度抵購買顧客比率/1
30 -0.018494
成長顧客比率/1
30 -0.06379
累計7iD会員数/1e-07
30 -35002
エントリー顧客比率/1
31 0.141727
エントリー週次売上比率/1
31 0.00232539
優良週次売上比率/1
31 -0.107692
準優良週次売上比率/1
31 -0.032255
低頻高購週次売上比率/1
31 -0.00183448
高頻低購週次売上比率/1
31 0.0125592
成長週次売上比率/1
31 -0.0250667
優良顧客比率/1
31 -0.0264647
準優良顧客比率/1
31 -0.020754
低頻度高購買顧客比率/1
31 -0.0110738
高頻度抵購買顧客比率/1
31 -0.0166499
成長顧客比率/1
31 -0.0677847
累計7iD会員数/1e-07
31 -119595
エントリー顧客比率/1
32 0.139556
エントリー週次売上比率/1
32 0.00224135
優良週次売上比率/1
32 -0.0990301
準優良週次売上比率/1
32 -0.0283887
低頻高購週次売上比率/1
32 -0.00130352
高頻低購週次売上比率/1
32 0.0137394
成長週次売上比率/1
32 -0.0263265
優良顧客比率/1
32 -0.0243763
準優良顧客比率/1
32 -0.0187565
低頻度高購買顧客比率/1
32 -0.0108651
高頻度抵購買顧客比率/1
32 -0.0149768
成長顧客比率/1
32 -0.0715815
累計7iD会員数/1e-07
32 -200489
エントリー顧客比率/1
33 0.137591
エントリー週次売上比率/1
33 0.0021653
優良週次売上比率/1
33 -0.0906185
準優良週次売上比率/1
33 -0.0248209
低頻高購週次売上比率/1
33 -0.000857246
高頻低購週次売上比率/1
33 0.0148097
成長週次売上比率/1
33 -0.0275209
優良顧客比率/1
33 -0.0223482
準優良顧客比率/1
33 -0.0169132
低頻度高購買顧客比率/1
33 -0.0106896
高頻度抵購買顧客比率/1
33 -0.0134593
成長顧客比率/1
33 -0.0751811
累計7iD会員数/1e-07
33 -277685
エントリー顧客比率/1
34 0.135808
エントリー週次売上比率/1
34 0.00209625
優良週次売上比率/1
34 -0.0824659
準優良週次売上比率/1
34 -0.0215304
低頻高購週次売上比率/1
34 -0.000482541
高頻低購週次売上比率/1
34 0.0157802
成長週次売上比率/1
34 -0.0286507
優良顧客比率/1
34 -0.0203826
準優良顧客比率/1
34 -0.0152132
低頻度高購買顧客比率/1
34 -0.0105423
高頻度抵購買顧客比率/1
34 -0.0120835
成長顧客比率/1
34 -0.0785861
累計7iD会員数/1e-07
34 -351182
エントリー顧客比率/1
35 0.134183
エントリー週次売上比率/1
35 0.00203333
優良週次売上比率/1
35 -0.0745782
準優良週次売上比率/1
35 -0.0184968
低頻高購週次売上比率/1
35 -0.000167868
高頻低購週次売上比率/1
35 0.01666
成長週次売上比率/1
35 -0.0297175
優良顧客比率/1
35 -0.0184809
準優良顧客比率/1
35 -0.0136459
低頻度高購買顧客比率/1
35 -0.0104187
高頻度抵購買顧客比率/1
35 -0.0108361
成長顧客比率/1
35 -0.081801
累計7iD会員数/1e-07
35 -298484
エントリー顧客比率/1
36 0.132696
エントリー週次売上比率/1
36 0.00197579
優良週次売上比率/1
36 -0.0669593
準優良週次売上比率/1
36 -0.0157004
低頻高購週次売上比率/1
36 9.68695e-05
高頻低購週次売上比率/1
36 0.0174579
成長週次売上比率/1
36 -0.030723
優良顧客比率/1
36 -0.016644
準優良顧客比率/1
36 -0.0122011
低頻度高購買顧客比率/1
36 -0.0103146
高頻度抵購買顧客比率/1
36 -0.00970499
成長顧客比率/1
36 -0.0848313
累計7iD会員数/1e-07
36 -242091
エントリー顧客比率/1
37 0.131331
エントリー週次売上比率/1
37 0.00192293
優良週次売上比率/1
37 -0.0596105
準優良週次売上比率/1
37 -0.0131226
低頻高購週次売上比率/1
37 0.000320467
高頻低購週次売上比率/1
37 0.0181816
成長週次売上比率/1
37 -0.0316693
優良顧客比率/1
37 -0.0148722
準優良顧客比率/1
37 -0.0108693
低頻度高購買顧客比率/1
37 -0.0102267
高頻度抵購買顧客比率/1
37 -0.00867897
成長顧客比率/1
37 -0.0876834
累計7iD会員数/1e-07
37 -182007
エントリー顧客比率/1
38 0.130071
エントリー週次売上比率/1
38 0.00187417
優良週次売上比率/1
38 -0.0525315
準優良週次売上比率/1
38 -0.0107456
低頻高購週次売上比率/1
38 0.00051056
高頻低購週次売上比率/1
38 0.0188385
成長週次売上比率/1
38 -0.032559
優良顧客比率/1
38 -0.0131654
準優良顧客比率/1
38 -0.00964131
低頻度高購買顧客比率/1
38 -0.010152
高頻度抵購買顧客比率/1
38 -0.00774765
成長顧客比率/1
38 -0.0903646
累計7iD会員数/1e-07
38 -118235
エントリー顧客比率/1
39 0.128903
エントリー週次売上比率/1
39 0.00182897
優良週次売上比率/1
39 -0.0457203
準優良週次売上比率/1
39 -0.00855287
低頻高購週次売上比率/1
39 0.000673747
高頻低購週次売上比率/1
39 0.0194353
成長週次売上比率/1
39 -0.0333944
優良顧客比率/1
39 -0.0115233
準優良顧客比率/1
39 -0.00850843
低頻度高購買顧客比率/1
39 -0.0100878
高頻度抵購買顧客比率/1
39 -0.00690149
成長顧客比率/1
39 -0.0928823
累計7iD会員数/1e-07
39 -63781.1
エントリー顧客比率/1
40 0.127816
エントリー週次売上比率/1
40 0.00178687
優良週次売上比率/1
40 -0.0391736
準優良週次売上比率/1
40 -0.00652854
低頻高購週次売上比率/1
40 0.000815707
高頻低購週次売上比率/1
40 0.0199783
成長週次売上比率/1
40 -0.0341782
優良顧客比率/1
40 -0.00994485
準優良顧客比率/1
40 -0.00746257
低頻度高購買顧客比率/1
40 -0.010032
高頻度抵購買顧客比率/1
40 -0.00613169
成長顧客比率/1
40 -0.0952446
累計7iD会員数/1e-07
40 -5649.41
エントリー顧客比率/1
41 0.126798
エントリー週次売上比率/1
41 0.00174745
優良週次売上比率/1
41 -0.0328866
準優良週次売上比率/1
41 -0.00465792
低頻高購週次売上比率/1
41 0.000941302
高頻低購週次売上比率/1
41 0.0204731
成長週次売上比率/1
41 -0.0349132
優良顧客比率/1
41 -0.00842906
準優良顧客比率/1
41 -0.00649613
低頻度高購買顧客比率/1
41 -0.00998264
高頻度抵購買顧客比率/1
41 -0.00543022
成長顧客比率/1
41 -0.0974595
累計7iD会員数/1e-07
41 56153.1
エントリー顧客比率/1
42 0.125839
エントリー週次売上比率/1
42 0.00171036
優良週次売上比率/1
42 -0.0268537
準優良週次売上比率/1
42 -0.00292726
低頻高購週次売上比率/1
42 0.00105467
高頻低購週次売上比率/1
42 0.0209249
成長週次売上比率/1
42 -0.0356019
優良顧客比率/1
42 -0.00697454
準優良顧客比率/1
42 -0.005602
低頻度高購買顧客比率/1
42 -0.00993807
高頻度抵購買顧客比率/1
42 -0.0047897
成長顧客比率/1
42 -0.0995351
累計7iD会員数/1e-07
42 121619
エントリー顧客比率/1
43 0.124933
エントリー週次売上比率/1
43 0.00167527
優良週次売上比率/1
43 -0.0210684
準優良週次売上比率/1
43 -0.00132376
低頻高購週次売上比率/1
43 0.00115934
高頻低購週次売上比率/1
43 0.0213384
成長週次売上比率/1
43 -0.036247
優良顧客比率/1
43 -0.0055797
準優良顧客比率/1
43 -0.00477356
低頻度高購買顧客比率/1
43 -0.00989693
高頻度抵購買顧客比率/1
43 -0.00420339
成長顧客比率/1
43 -0.101479
累計7iD会員数/1e-07
43 190740
エントリー顧客比率/1
44 0.124071
エントリー週次売上比率/1
44 0.0016419
優良週次売上比率/1
44 -0.0155234
準優良週次売上比率/1
44 0.000164489
低頻高購週次売上比率/1
44 0.00125824
高頻低購週次売上比率/1
44 0.0217181
成長週次売上比率/1
44 -0.0368512
優良顧客比率/1
44 -0.00424281
準優良顧客比率/1
44 -0.00400467
低頻度高購買顧客比率/1
44 -0.00985805
高頻度抵購買顧客比率/1
44 -0.00366514
成長顧客比率/1
44 -0.1033
累計7iD会員数/1e-07
44 311505
エントリー顧客比率/1
45 0.123247
エントリー週次売上比率/1
45 0.00161
優良週次売上比率/1
45 -0.0102109
準優良週次売上比率/1
45 0.00154851
低頻高購週次売上比率/1
45 0.00135387
高頻低購週次売上比率/1
45 0.0220678
成長週次売上比率/1
45 -0.037417
優良顧客比率/1
45 -0.00296196
準優良顧客比率/1
45 -0.00328963
低頻度高購買顧客比率/1
45 -0.00982046
高頻度抵購買顧客比率/1
45 -0.00316934
成長顧客比率/1
45 -0.105005
累計7iD会員数/1e-07
45 435904
エントリー顧客比率/1
46 0.122455
エントリー週次売上比率/1
46 0.00157935
優良週次売上比率/1
46 -0.00512266
準優良週次売上比率/1
46 0.0028385
低頻高購週次売上比率/1
46 0.00144827
高頻低購週次売上比率/1
46 0.0223912
成長週次売上比率/1
46 -0.0379469
優良顧客比率/1
46 -0.00173518
準優良顧客比率/1
46 -0.00262316
低頻度高購買顧客比率/1
46 -0.00978335
高頻度抵購買顧客比率/1
46 -0.0027109
成長顧客比率/1
46 -0.106602
累計7iD会員数/1e-07
46 563924
エントリー顧客比率/1
47 0.121691
エントリー週次売上比率/1
47 0.00154975
優良週次売上比率/1
47 -0.000249958
準優良週次売上比率/1
47 0.00404385
低頻高購週次売上比率/1
47 0.00154314
高頻低購週次売上比率/1
47 0.0226915
成長週次売上比率/1
47 -0.0384433
優良顧客比率/1
47 -0.000560371
準優良顧客比率/1
47 -0.00200043
低頻度高購買顧客比率/1
47 -0.00974606
高頻度抵購買顧客比率/1
47 -0.00228518
成長顧客比率/1
47 -0.108099
累計7iD会員数/1e-07
47 695551
